This file contains any messages produced by compilers while
running configure, to aid debugging if configure makes a mistake.

It was created by libraw1394 configure 1.2.0, which was
generated by GNU Autoconf 2.59.  Invocation command line was

  $ ./configure 

## --------- ##
## Platform. ##
## --------- ##

hostname = localhost
uname -m = i686
uname -r = 2.6.22-14-generic
uname -s = Linux
uname -v = #1 SMP Tue Feb 12 07:42:25 UTC 2008

/usr/bin/uname -p = unknown
/bin/uname -X     = unknown

/bin/arch              = unknown
/usr/bin/arch -k       = unknown
/usr/convex/getsysinfo = unknown
hostinfo               = unknown
/bin/machine           = unknown
/usr/bin/oslevel       = unknown
/bin/universe          = unknown

PATH: /usr/local/sbin
PATH: /usr/local/bin
PATH: /usr/sbin
PATH: /usr/bin
PATH: /sbin
PATH: /bin
PATH: /usr/games


## ----------- ##
## Core tests. ##
## ----------- ##

configure:1552: checking for a BSD-compatible install
configure:1607: result: /usr/bin/install -c
configure:1618: checking whether build environment is sane
configure:1661: result: yes
configure:1685: WARNING: `missing' script is too old or missing
configure:1726: checking for gawk
configure:1742: found /usr/bin/gawk
configure:1752: result: gawk
configure:1762: checking whether make sets $(MAKE)
configure:1782: result: yes
configure:1997: checking for gcc
configure:2013: found /usr/bin/gcc
configure:2023: result: gcc
configure:2267: checking for C compiler version
configure:2270: gcc --version </dev/null >&5
gcc (GCC) 4.1.3 20070929 (prerelease) (Ubuntu 4.1.2-16ubuntu2)
Copyright (C) 2006 Free Software Foundation, Inc.
This is free software; see the source for copying conditions.  There is NO
warranty; not even for MERCHANTABILITY or FITNESS FOR A PARTICULAR PURPOSE.

configure:2273: $? = 0
configure:2275: gcc -v </dev/null >&5
Using built-in specs.
Target: i486-linux-gnu
Configured with: ../src/configure -v --enable-languages=c,c++,fortran,objc,obj-c++,treelang --prefix=/usr --enable-shared --with-system-zlib --libexecdir=/usr/lib --without-included-gettext --enable-threads=posix --enable-nls --with-gxx-include-dir=/usr/include/c++/4.1.3 --program-suffix=-4.1 --enable-__cxa_atexit --enable-clocale=gnu --enable-libstdcxx-debug --enable-mpfr --enable-checking=release i486-linux-gnu
Thread model: posix
gcc version 4.1.3 20070929 (prerelease) (Ubuntu 4.1.2-16ubuntu2)
configure:2278: $? = 0
configure:2280: gcc -V </dev/null >&5
gcc: '-V' option must have argument
configure:2283: $? = 1
configure:2306: checking for C compiler default output file name
configure:2309: gcc    conftest.c  >&5
configure:2312: $? = 0
configure:2358: result: a.out
configure:2363: checking whether the C compiler works
configure:2369: ./a.out
configure:2372: $? = 0
configure:2389: result: yes
configure:2396: checking whether we are cross compiling
configure:2398: result: no
configure:2401: checking for suffix of executables
configure:2403: gcc -o conftest    conftest.c  >&5
configure:2406: $? = 0
configure:2431: result: 
configure:2437: checking for suffix of object files
configure:2458: gcc -c   conftest.c >&5
configure:2461: $? = 0
configure:2483: result: o
configure:2487: checking whether we are using the GNU C compiler
configure:2511: gcc -c   conftest.c >&5
configure:2517: $? = 0
configure:2521: test -z 
			 || test ! -s conftest.err
configure:2524: $? = 0
configure:2527: test -s conftest.o
configure:2530: $? = 0
configure:2543: result: yes
configure:2549: checking whether gcc accepts -g
configure:2570: gcc -c -g  conftest.c >&5
configure:2576: $? = 0
configure:2580: test -z 
			 || test ! -s conftest.err
configure:2583: $? = 0
configure:2586: test -s conftest.o
configure:2589: $? = 0
configure:2600: result: yes
configure:2617: checking for gcc option to accept ANSI C
configure:2687: gcc  -c -g -O2  conftest.c >&5
configure:2693: $? = 0
configure:2697: test -z 
			 || test ! -s conftest.err
configure:2700: $? = 0
configure:2703: test -s conftest.o
configure:2706: $? = 0
configure:2724: result: none needed
configure:2742: gcc -c -g -O2  conftest.c >&5
conftest.c:2: error: expected '=', ',', ';', 'asm' or '__attribute__' before 'me'
configure:2748: $? = 1
configure: failed program was:
| #ifndef __cplusplus
|   choke me
| #endif
configure:2892: checking for style of include used by make
configure:2920: result: GNU
configure:2948: checking dependency style of gcc
configure:3038: result: gcc3
configure:3133: checking build system type
configure:3151: result: i686-pc-linux-gnu
configure:3159: checking host system type
configure:3173: result: i686-pc-linux-gnu
configure:3181: checking for a sed that does not truncate output
configure:3235: result: /bin/sed
configure:3238: checking for egrep
configure:3248: result: grep -E
configure:3264: checking for ld used by gcc
configure:3331: result: /usr/bin/ld
configure:3340: checking if the linker (/usr/bin/ld) is GNU ld
configure:3355: result: yes
configure:3360: checking for /usr/bin/ld option to reload object files
configure:3367: result: -r
configure:3385: checking for BSD-compatible nm
configure:3427: result: /usr/bin/nm -B
configure:3431: checking whether ln -s works
configure:3435: result: yes
configure:3442: checking how to recognise dependent libraries
configure:3614: result: pass_all
configure:3828: checking how to run the C preprocessor
configure:3863: gcc -E  conftest.c
configure:3869: $? = 0
configure:3901: gcc -E  conftest.c
conftest.c:11:28: error: ac_nonexistent.h: No such file or directory
configure:3907: $? = 1
configure: failed program was:
| /* confdefs.h.  */
| 
| #define PACKAGE_NAME "libraw1394"
| #define PACKAGE_TARNAME "libraw1394"
| #define PACKAGE_VERSION "1.2.0"
| #define PACKAGE_STRING "libraw1394 1.2.0"
| #define PACKAGE_BUGREPORT ""
| #define PACKAGE "libraw1394"
| #define VERSION "1.2.0"
| /* end confdefs.h.  */
| #include <ac_nonexistent.h>
configure:3946: result: gcc -E
configure:3970: gcc -E  conftest.c
configure:3976: $? = 0
configure:4008: gcc -E  conftest.c
conftest.c:11:28: error: ac_nonexistent.h: No such file or directory
configure:4014: $? = 1
configure: failed program was:
| /* confdefs.h.  */
| 
| #define PACKAGE_NAME "libraw1394"
| #define PACKAGE_TARNAME "libraw1394"
| #define PACKAGE_VERSION "1.2.0"
| #define PACKAGE_STRING "libraw1394 1.2.0"
| #define PACKAGE_BUGREPORT ""
| #define PACKAGE "libraw1394"
| #define VERSION "1.2.0"
| /* end confdefs.h.  */
| #include <ac_nonexistent.h>
configure:4058: checking for ANSI C header files
configure:4083: gcc -c -g -O2  conftest.c >&5
configure:4089: $? = 0
configure:4093: test -z 
			 || test ! -s conftest.err
configure:4096: $? = 0
configure:4099: test -s conftest.o
configure:4102: $? = 0
configure:4191: gcc -o conftest -g -O2   conftest.c  >&5
conftest.c: In function 'main':
conftest.c:28: warning: incompatible implicit declaration of built-in function 'exit'
configure:4194: $? = 0
configure:4196: ./conftest
configure:4199: $? = 0
configure:4214: result: yes
configure:4238: checking for sys/types.h
configure:4254: gcc -c -g -O2  conftest.c >&5
configure:4260: $? = 0
configure:4264: test -z 
			 || test ! -s conftest.err
configure:4267: $? = 0
configure:4270: test -s conftest.o
configure:4273: $? = 0
configure:4284: result: yes
configure:4238: checking for sys/stat.h
configure:4254: gcc -c -g -O2  conftest.c >&5
configure:4260: $? = 0
configure:4264: test -z 
			 || test ! -s conftest.err
configure:4267: $? = 0
configure:4270: test -s conftest.o
configure:4273: $? = 0
configure:4284: result: yes
configure:4238: checking for stdlib.h
configure:4254: gcc -c -g -O2  conftest.c >&5
configure:4260: $? = 0
configure:4264: test -z 
			 || test ! -s conftest.err
configure:4267: $? = 0
configure:4270: test -s conftest.o
configure:4273: $? = 0
configure:4284: result: yes
configure:4238: checking for string.h
configure:4254: gcc -c -g -O2  conftest.c >&5
configure:4260: $? = 0
configure:4264: test -z 
			 || test ! -s conftest.err
configure:4267: $? = 0
configure:4270: test -s conftest.o
configure:4273: $? = 0
configure:4284: result: yes
configure:4238: checking for memory.h
configure:4254: gcc -c -g -O2  conftest.c >&5
configure:4260: $? = 0
configure:4264: test -z 
			 || test ! -s conftest.err
configure:4267: $? = 0
configure:4270: test -s conftest.o
configure:4273: $? = 0
configure:4284: result: yes
configure:4238: checking for strings.h
configure:4254: gcc -c -g -O2  conftest.c >&5
configure:4260: $? = 0
configure:4264: test -z 
			 || test ! -s conftest.err
configure:4267: $? = 0
configure:4270: test -s conftest.o
configure:4273: $? = 0
configure:4284: result: yes
configure:4238: checking for inttypes.h
configure:4254: gcc -c -g -O2  conftest.c >&5
configure:4260: $? = 0
configure:4264: test -z 
			 || test ! -s conftest.err
configure:4267: $? = 0
configure:4270: test -s conftest.o
configure:4273: $? = 0
configure:4284: result: yes
configure:4238: checking for stdint.h
configure:4254: gcc -c -g -O2  conftest.c >&5
configure:4260: $? = 0
configure:4264: test -z 
			 || test ! -s conftest.err
configure:4267: $? = 0
configure:4270: test -s conftest.o
configure:4273: $? = 0
configure:4284: result: yes
configure:4238: checking for unistd.h
configure:4254: gcc -c -g -O2  conftest.c >&5
configure:4260: $? = 0
configure:4264: test -z 
			 || test ! -s conftest.err
configure:4267: $? = 0
configure:4270: test -s conftest.o
configure:4273: $? = 0
configure:4284: result: yes
configure:4310: checking dlfcn.h usability
configure:4322: gcc -c -g -O2  conftest.c >&5
configure:4328: $? = 0
configure:4332: test -z 
			 || test ! -s conftest.err
configure:4335: $? = 0
configure:4338: test -s conftest.o
configure:4341: $? = 0
configure:4351: result: yes
configure:4355: checking dlfcn.h presence
configure:4365: gcc -E  conftest.c
configure:4371: $? = 0
configure:4391: result: yes
configure:4426: checking for dlfcn.h
configure:4433: result: yes
configure:4498: checking for g++
configure:4514: found /usr/bin/g++
configure:4524: result: g++
configure:4540: checking for C++ compiler version
configure:4543: g++ --version </dev/null >&5
g++ (GCC) 4.1.3 20070929 (prerelease) (Ubuntu 4.1.2-16ubuntu2)
Copyright (C) 2006 Free Software Foundation, Inc.
This is free software; see the source for copying conditions.  There is NO
warranty; not even for MERCHANTABILITY or FITNESS FOR A PARTICULAR PURPOSE.

configure:4546: $? = 0
configure:4548: g++ -v </dev/null >&5
Using built-in specs.
Target: i486-linux-gnu
Configured with: ../src/configure -v --enable-languages=c,c++,fortran,objc,obj-c++,treelang --prefix=/usr --enable-shared --with-system-zlib --libexecdir=/usr/lib --without-included-gettext --enable-threads=posix --enable-nls --with-gxx-include-dir=/usr/include/c++/4.1.3 --program-suffix=-4.1 --enable-__cxa_atexit --enable-clocale=gnu --enable-libstdcxx-debug --enable-mpfr --enable-checking=release i486-linux-gnu
Thread model: posix
gcc version 4.1.3 20070929 (prerelease) (Ubuntu 4.1.2-16ubuntu2)
configure:4551: $? = 0
configure:4553: g++ -V </dev/null >&5
g++: '-V' option must have argument
configure:4556: $? = 1
configure:4559: checking whether we are using the GNU C++ compiler
configure:4583: g++ -c   conftest.cc >&5
configure:4589: $? = 0
configure:4593: test -z 
			 || test ! -s conftest.err
configure:4596: $? = 0
configure:4599: test -s conftest.o
configure:4602: $? = 0
configure:4615: result: yes
configure:4621: checking whether g++ accepts -g
configure:4642: g++ -c -g  conftest.cc >&5
configure:4648: $? = 0
configure:4652: test -z 
			 || test ! -s conftest.err
configure:4655: $? = 0
configure:4658: test -s conftest.o
configure:4661: $? = 0
configure:4672: result: yes
configure:4714: g++ -c -g -O2  conftest.cc >&5
configure:4720: $? = 0
configure:4724: test -z 
			 || test ! -s conftest.err
configure:4727: $? = 0
configure:4730: test -s conftest.o
configure:4733: $? = 0
configure:4759: g++ -c -g -O2  conftest.cc >&5
conftest.cc: In function 'int main()':
conftest.cc:26: error: 'exit' was not declared in this scope
configure:4765: $? = 1
configure: failed program was:
| /* confdefs.h.  */
| 
| #define PACKAGE_NAME "libraw1394"
| #define PACKAGE_TARNAME "libraw1394"
| #define PACKAGE_VERSION "1.2.0"
| #define PACKAGE_STRING "libraw1394 1.2.0"
| #define PACKAGE_BUGREPORT ""
| #define PACKAGE "libraw1394"
| #define VERSION "1.2.0"
| #define STDC_HEADERS 1
| #define HAVE_SYS_TYPES_H 1
| #define HAVE_SYS_STAT_H 1
| #define HAVE_STDLIB_H 1
| #define HAVE_STRING_H 1
| #define HAVE_MEMORY_H 1
| #define HAVE_STRINGS_H 1
| #define HAVE_INTTYPES_H 1
| #define HAVE_STDINT_H 1
| #define HAVE_UNISTD_H 1
| #define HAVE_DLFCN_H 1
| /* end confdefs.h.  */
| 
| int
| main ()
| {
| exit (42);
|   ;
|   return 0;
| }
configure:4714: g++ -c -g -O2  conftest.cc >&5
configure:4720: $? = 0
configure:4724: test -z 
			 || test ! -s conftest.err
configure:4727: $? = 0
configure:4730: test -s conftest.o
configure:4733: $? = 0
configure:4759: g++ -c -g -O2  conftest.cc >&5
configure:4765: $? = 0
configure:4769: test -z 
			 || test ! -s conftest.err
configure:4772: $? = 0
configure:4775: test -s conftest.o
configure:4778: $? = 0
configure:4803: checking dependency style of g++
configure:4893: result: gcc3
configure:4920: checking how to run the C++ preprocessor
configure:4951: g++ -E  conftest.cc
configure:4957: $? = 0
configure:4989: g++ -E  conftest.cc
conftest.cc:25:28: error: ac_nonexistent.h: No such file or directory
configure:4995: $? = 1
configure: failed program was:
| /* confdefs.h.  */
| 
| #define PACKAGE_NAME "libraw1394"
| #define PACKAGE_TARNAME "libraw1394"
| #define PACKAGE_VERSION "1.2.0"
| #define PACKAGE_STRING "libraw1394 1.2.0"
| #define PACKAGE_BUGREPORT ""
| #define PACKAGE "libraw1394"
| #define VERSION "1.2.0"
| #define STDC_HEADERS 1
| #define HAVE_SYS_TYPES_H 1
| #define HAVE_SYS_STAT_H 1
| #define HAVE_STDLIB_H 1
| #define HAVE_STRING_H 1
| #define HAVE_MEMORY_H 1
| #define HAVE_STRINGS_H 1
| #define HAVE_INTTYPES_H 1
| #define HAVE_STDINT_H 1
| #define HAVE_UNISTD_H 1
| #define HAVE_DLFCN_H 1
| #ifdef __cplusplus
| extern "C" void std::exit (int) throw (); using std::exit;
| #endif
| /* end confdefs.h.  */
| #include <ac_nonexistent.h>
configure:5034: result: g++ -E
configure:5058: g++ -E  conftest.cc
configure:5064: $? = 0
configure:5096: g++ -E  conftest.cc
conftest.cc:25:28: error: ac_nonexistent.h: No such file or directory
configure:5102: $? = 1
configure: failed program was:
| /* confdefs.h.  */
| 
| #define PACKAGE_NAME "libraw1394"
| #define PACKAGE_TARNAME "libraw1394"
| #define PACKAGE_VERSION "1.2.0"
| #define PACKAGE_STRING "libraw1394 1.2.0"
| #define PACKAGE_BUGREPORT ""
| #define PACKAGE "libraw1394"
| #define VERSION "1.2.0"
| #define STDC_HEADERS 1
| #define HAVE_SYS_TYPES_H 1
| #define HAVE_SYS_STAT_H 1
| #define HAVE_STDLIB_H 1
| #define HAVE_STRING_H 1
| #define HAVE_MEMORY_H 1
| #define HAVE_STRINGS_H 1
| #define HAVE_INTTYPES_H 1
| #define HAVE_STDINT_H 1
| #define HAVE_UNISTD_H 1
| #define HAVE_DLFCN_H 1
| #ifdef __cplusplus
| extern "C" void std::exit (int) throw (); using std::exit;
| #endif
| /* end confdefs.h.  */
| #include <ac_nonexistent.h>
configure:5199: checking for g77
configure:5228: result: no
configure:5199: checking for f77
configure:5228: result: no
configure:5199: checking for xlf
configure:5228: result: no
configure:5199: checking for frt
configure:5228: result: no
configure:5199: checking for pgf77
configure:5228: result: no
configure:5199: checking for fort77
configure:5228: result: no
configure:5199: checking for fl32
configure:5228: result: no
configure:5199: checking for af77
configure:5228: result: no
configure:5199: checking for f90
configure:5228: result: no
configure:5199: checking for xlf90
configure:5228: result: no
configure:5199: checking for pgf90
configure:5228: result: no
configure:5199: checking for epcf90
configure:5228: result: no
configure:5199: checking for f95
configure:5228: result: no
configure:5199: checking for fort
configure:5228: result: no
configure:5199: checking for xlf95
configure:5228: result: no
configure:5199: checking for ifc
configure:5228: result: no
configure:5199: checking for efc
configure:5228: result: no
configure:5199: checking for pgf95
configure:5228: result: no
configure:5199: checking for lf95
configure:5228: result: no
configure:5199: checking for gfortran
configure:5228: result: no
configure:5240: checking for Fortran 77 compiler version
configure:5243:  --version </dev/null >&5
./configure: line 5244: --version: command not found
configure:5246: $? = 127
configure:5248:  -v </dev/null >&5
./configure: line 5249: -v: command not found
configure:5251: $? = 127
configure:5253:  -V </dev/null >&5
./configure: line 5254: -V: command not found
configure:5256: $? = 127
configure:5264: checking whether we are using the GNU Fortran 77 compiler
configure:5278:  -c  conftest.F >&5
./configure: line 5279: -c: command not found
configure:5284: $? = 127
configure: failed program was:
|       program main
| #ifndef __GNUC__
|        choke me
| #endif
| 
|       end
configure:5310: result: no
configure:5316: checking whether  accepts -g
configure:5328:  -c -g conftest.f >&5
./configure: line 5329: -c: command not found
configure:5334: $? = 127
configure: failed program was:
|       program main
| 
|       end
configure:5359: result: no
configure:5389: checking the maximum length of command line arguments
configure:5480: result: 32768
configure:5491: checking command to parse /usr/bin/nm -B output from gcc object
configure:5587: gcc -c -g -O2  conftest.c >&5
configure:5590: $? = 0
configure:5594: /usr/bin/nm -B conftest.o \| sed -n -e 's/^.*[ 	]\([ABCDGIRSTW][ABCDGIRSTW]*\)[ 	][ 	]*\([_A-Za-z][_A-Za-z0-9]*\)$/\1 \2 \2/p' \> conftest.nm
configure:5597: $? = 0
configure:5649: gcc -o conftest -g -O2   conftest.c conftstm.o >&5
configure:5652: $? = 0
configure:5690: result: ok
configure:5694: checking for objdir
configure:5709: result: .libs
configure:5799: checking for ar
configure:5815: found /usr/bin/ar
configure:5826: result: ar
configure:5879: checking for ranlib
configure:5895: found /usr/bin/ranlib
configure:5906: result: ranlib
configure:5959: checking for strip
configure:5975: found /usr/bin/strip
configure:5986: result: strip
configure:6250: checking if gcc static flag  works
configure:6273: result: yes
configure:6291: checking if gcc supports -fno-rtti -fno-exceptions
configure:6309: gcc -c -g -O2  -fno-rtti -fno-exceptions conftest.c >&5
cc1: warning: command line option "-fno-rtti" is valid for C++/ObjC++ but not for C
configure:6313: $? = 0
configure:6324: result: no
configure:6339: checking for gcc option to produce PIC
configure:6538: result: -fPIC
configure:6546: checking if gcc PIC flag -fPIC works
configure:6564: gcc -c -g -O2  -fPIC -DPIC conftest.c >&5
configure:6568: $? = 0
configure:6579: result: yes
configure:6603: checking if gcc supports -c -o file.o
configure:6624: gcc -c -g -O2  -o out/conftest2.o conftest.c >&5
configure:6628: $? = 0
configure:6648: result: yes
configure:6674: checking whether the gcc linker (/usr/bin/ld) supports shared libraries
configure:7536: result: yes
configure:7562: checking whether -lc should be explicitly linked in
configure:7567: gcc -c -g -O2  conftest.c >&5
configure:7570: $? = 0
configure:7584: gcc -shared conftest.o  -v -Wl,-soname -Wl,conftest -o conftest 2\>\&1 \| grep  -lc  \>/dev/null 2\>\&1
configure:7587: $? = 0
configure:7599: result: no
configure:7607: checking dynamic linker characteristics
configure:8149: result: GNU/Linux ld.so
configure:8153: checking how to hardcode library paths into programs
configure:8178: result: immediate
configure:8192: checking whether stripping libraries is possible
configure:8197: result: yes
configure:9027: checking if libtool supports shared libraries
configure:9029: result: yes
configure:9032: checking whether to build shared libraries
configure:9053: result: yes
configure:9056: checking whether to build static libraries
configure:9060: result: yes
configure:9152: creating libtool
configure:9707: checking for ld used by g++
configure:9774: result: /usr/bin/ld
configure:9783: checking if the linker (/usr/bin/ld) is GNU ld
configure:9798: result: yes
configure:9849: checking whether the g++ linker (/usr/bin/ld) supports shared libraries
configure:10731: result: yes
configure:10749: g++ -c -g -O2  conftest.cc >&5
configure:10752: $? = 0
configure:10848: checking for g++ option to produce PIC
configure:11116: result: -fPIC
configure:11124: checking if g++ PIC flag -fPIC works
configure:11142: g++ -c -g -O2  -fPIC -DPIC conftest.cc >&5
configure:11146: $? = 0
configure:11157: result: yes
configure:11181: checking if g++ supports -c -o file.o
configure:11202: g++ -c -g -O2  -o out/conftest2.o conftest.cc >&5
configure:11206: $? = 0
configure:11226: result: yes
configure:11252: checking whether the g++ linker (/usr/bin/ld) supports shared libraries
configure:11277: result: yes
configure:11348: checking dynamic linker characteristics
configure:11890: result: GNU/Linux ld.so
configure:11894: checking how to hardcode library paths into programs
configure:11919: result: immediate
configure:11933: checking whether stripping libraries is possible
configure:11938: result: yes
configure:19286: checking for a BSD-compatible install
configure:19341: result: /usr/bin/install -c
configure:19353: checking for void *
configure:19377: gcc -c -g -O2  conftest.c >&5
configure:19383: $? = 0
configure:19387: test -z 
			 || test ! -s conftest.err
configure:19390: $? = 0
configure:19393: test -s conftest.o
configure:19396: $? = 0
configure:19407: result: yes
configure:19410: checking size of void *
configure:19729: gcc -o conftest -g -O2   conftest.c  >&5
configure:19732: $? = 0
configure:19734: ./conftest
configure:19737: $? = 0
configure:19760: result: 4
configure:19767: checking for an ANSI C-conforming const
configure:19834: gcc -c -g -O2  conftest.c >&5
configure:19840: $? = 0
configure:19844: test -z 
			 || test ! -s conftest.err
configure:19847: $? = 0
configure:19850: test -s conftest.o
configure:19853: $? = 0
configure:19864: result: yes
configure:19874: checking whether byte ordering is bigendian
configure:19901: gcc -c -g -O2  conftest.c >&5
configure:19907: $? = 0
configure:19911: test -z 
			 || test ! -s conftest.err
configure:19914: $? = 0
configure:19917: test -s conftest.o
configure:19920: $? = 0
configure:19944: gcc -c -g -O2  conftest.c >&5
conftest.c: In function 'main':
conftest.c:33: error: 'not' undeclared (first use in this function)
conftest.c:33: error: (Each undeclared identifier is reported only once
conftest.c:33: error: for each function it appears in.)
conftest.c:33: error: expected ';' before 'big'
configure:19950: $? = 1
configure: failed program was:
| /* confdefs.h.  */
| 
| #define PACKAGE_NAME "libraw1394"
| #define PACKAGE_TARNAME "libraw1394"
| #define PACKAGE_VERSION "1.2.0"
| #define PACKAGE_STRING "libraw1394 1.2.0"
| #define PACKAGE_BUGREPORT ""
| #define PACKAGE "libraw1394"
| #define VERSION "1.2.0"
| #define STDC_HEADERS 1
| #define HAVE_SYS_TYPES_H 1
| #define HAVE_SYS_STAT_H 1
| #define HAVE_STDLIB_H 1
| #define HAVE_STRING_H 1
| #define HAVE_MEMORY_H 1
| #define HAVE_STRINGS_H 1
| #define HAVE_INTTYPES_H 1
| #define HAVE_STDINT_H 1
| #define HAVE_UNISTD_H 1
| #define HAVE_DLFCN_H 1
| #ifdef __cplusplus
| extern "C" void std::exit (int) throw (); using std::exit;
| #endif
| #define SIZEOF_VOID_P 4
| /* end confdefs.h.  */
| #include <sys/types.h>
| #include <sys/param.h>
| 
| int
| main ()
| {
| #if BYTE_ORDER != BIG_ENDIAN
|  not big endian
| #endif
| 
|   ;
|   return 0;
| }
configure:20085: result: no
configure:20233: creating ./config.status

## ---------------------- ##
## Running config.status. ##
## ---------------------- ##

This file was extended by libraw1394 config.status 1.2.0, which was
generated by GNU Autoconf 2.59.  Invocation command line was

  CONFIG_FILES    = 
  CONFIG_HEADERS  = 
  CONFIG_LINKS    = 
  CONFIG_COMMANDS = 
  $ ./config.status 

on localhost

config.status:727: creating Makefile
config.status:727: creating libraw1394.pc
config.status:727: creating libraw1394.spec
config.status:727: creating src/Makefile
config.status:727: creating tools/Makefile
config.status:727: creating doc/Makefile
config.status:727: creating doc/testlibraw.1
config.status:727: creating doc/sendiso.1
config.status:727: creating doc/dumpiso.1
config.status:727: creating doc/isodump.5
config.status:727: creating debian/Makefile
config.status:831: creating config.h
config.status:1121: executing depfiles commands

## ---------------- ##
## Cache variables. ##
## ---------------- ##

ac_cv_build=i686-pc-linux-gnu
ac_cv_build_alias=i686-pc-linux-gnu
ac_cv_c_bigendian=no
ac_cv_c_compiler_gnu=yes
ac_cv_c_const=yes
ac_cv_cxx_compiler_gnu=yes
ac_cv_env_CC_set=
ac_cv_env_CC_value=
ac_cv_env_CFLAGS_set=
ac_cv_env_CFLAGS_value=
ac_cv_env_CPPFLAGS_set=
ac_cv_env_CPPFLAGS_value=
ac_cv_env_CPP_set=
ac_cv_env_CPP_value=
ac_cv_env_CXXCPP_set=
ac_cv_env_CXXCPP_value=
ac_cv_env_CXXFLAGS_set=
ac_cv_env_CXXFLAGS_value=
ac_cv_env_CXX_set=
ac_cv_env_CXX_value=
ac_cv_env_F77_set=
ac_cv_env_F77_value=
ac_cv_env_FFLAGS_set=
ac_cv_env_FFLAGS_value=
ac_cv_env_LDFLAGS_set=
ac_cv_env_LDFLAGS_value=
ac_cv_env_build_alias_set=
ac_cv_env_build_alias_value=
ac_cv_env_host_alias_set=
ac_cv_env_host_alias_value=
ac_cv_env_target_alias_set=
ac_cv_env_target_alias_value=
ac_cv_exeext=
ac_cv_f77_compiler_gnu=no
ac_cv_header_dlfcn_h=yes
ac_cv_header_inttypes_h=yes
ac_cv_header_memory_h=yes
ac_cv_header_stdc=yes
ac_cv_header_stdint_h=yes
ac_cv_header_stdlib_h=yes
ac_cv_header_string_h=yes
ac_cv_header_strings_h=yes
ac_cv_header_sys_stat_h=yes
ac_cv_header_sys_types_h=yes
ac_cv_header_unistd_h=yes
ac_cv_host=i686-pc-linux-gnu
ac_cv_host_alias=i686-pc-linux-gnu
ac_cv_objext=o
ac_cv_path_install='/usr/bin/install -c'
ac_cv_prog_AWK=gawk
ac_cv_prog_CPP='gcc -E'
ac_cv_prog_CXXCPP='g++ -E'
ac_cv_prog_ac_ct_AR=ar
ac_cv_prog_ac_ct_CC=gcc
ac_cv_prog_ac_ct_CXX=g++
ac_cv_prog_ac_ct_RANLIB=ranlib
ac_cv_prog_ac_ct_STRIP=strip
ac_cv_prog_cc_g=yes
ac_cv_prog_cc_stdc=
ac_cv_prog_cxx_g=yes
ac_cv_prog_egrep='grep -E'
ac_cv_prog_f77_g=no
ac_cv_prog_make_make_set=yes
ac_cv_sizeof_void_p=4
ac_cv_type_void_p=yes
am_cv_CC_dependencies_compiler_type=gcc3
am_cv_CXX_dependencies_compiler_type=gcc3
lt_cv_deplibs_check_method=pass_all
lt_cv_file_magic_cmd='$MAGIC_CMD'
lt_cv_file_magic_test_file=
lt_cv_ld_reload_flag=-r
lt_cv_objdir=.libs
lt_cv_path_LD=/usr/bin/ld
lt_cv_path_LDCXX=/usr/bin/ld
lt_cv_path_NM='/usr/bin/nm -B'
lt_cv_path_SED=/bin/sed
lt_cv_prog_compiler_c_o=yes
lt_cv_prog_compiler_c_o_CXX=yes
lt_cv_prog_compiler_rtti_exceptions=no
lt_cv_prog_gnu_ld=yes
lt_cv_prog_gnu_ldcxx=yes
lt_cv_sys_global_symbol_pipe='sed -n -e '\''s/^.*[ 	]\([ABCDGIRSTW][ABCDGIRSTW]*\)[ 	][ 	]*\([_A-Za-z][_A-Za-z0-9]*\)$/\1 \2 \2/p'\'''
lt_cv_sys_global_symbol_to_c_name_address='sed -n -e '\''s/^: \([^ ]*\) $/  {\"\1\", (lt_ptr) 0},/p'\'' -e '\''s/^[BCDEGRST] \([^ ]*\) \([^ ]*\)$/  {"\2", (lt_ptr) \&\2},/p'\'''
lt_cv_sys_global_symbol_to_cdecl='sed -n -e '\''s/^. .* \(.*\)$/extern int \1;/p'\'''
lt_cv_sys_max_cmd_len=32768
lt_lt_cv_prog_compiler_c_o='"yes"'
lt_lt_cv_prog_compiler_c_o_CXX='"yes"'
lt_lt_cv_sys_global_symbol_pipe='"sed -n -e '\''s/^.*[ 	]\\([ABCDGIRSTW][ABCDGIRSTW]*\\)[ 	][ 	]*\\([_A-Za-z][_A-Za-z0-9]*\\)\$/\\1 \\2 \\2/p'\''"'
lt_lt_cv_sys_global_symbol_to_c_name_address='"sed -n -e '\''s/^: \\([^ ]*\\) \$/  {\\\"\\1\\\", (lt_ptr) 0},/p'\'' -e '\''s/^[BCDEGRST] \\([^ ]*\\) \\([^ ]*\\)\$/  {\"\\2\", (lt_ptr) \\&\\2},/p'\''"'
lt_lt_cv_sys_global_symbol_to_cdecl='"sed -n -e '\''s/^. .* \\(.*\\)\$/extern int \\1;/p'\''"'

## ----------------- ##
## Output variables. ##
## ----------------- ##

ACLOCAL='aclocal-1.9'
AMDEPBACKSLASH='\'
AMDEP_FALSE='#'
AMDEP_TRUE=''
AMTAR='tar'
AR='ar'
AUTOCONF='autoconf'
AUTOHEADER='autoheader'
AUTOMAKE='automake-1.9'
AWK='gawk'
CC='gcc'
CCDEPMODE='depmode=gcc3'
CFLAGS='-g -O2'
CPP='gcc -E'
CPPFLAGS=''
CXX='g++'
CXXCPP='g++ -E'
CXXDEPMODE='depmode=gcc3'
CXXFLAGS='-g -O2'
CYGPATH_W='echo'
DEFS='-DHAVE_CONFIG_H'
DEPDIR='.deps'
ECHO='echo'
ECHO_C=''
ECHO_N='-n'
ECHO_T=''
EGREP='grep -E'
EXEEXT=''
F77=''
FFLAGS=''
INSTALL_DATA='${INSTALL} -m 644'
INSTALL_PROGRAM='${INSTALL}'
INSTALL_SCRIPT='${INSTALL}'
INSTALL_STRIP_PROGRAM='${SHELL} $(install_sh) -c -s'
LDFLAGS=''
LIBOBJS=''
LIBS=''
LIBTOOL='$(SHELL) $(top_builddir)/libtool'
LN_S='ln -s'
LTLIBOBJS=''
MAKEINFO='makeinfo'
OBJEXT='o'
PACKAGE='libraw1394'
PACKAGE_BUGREPORT=''
PACKAGE_NAME='libraw1394'
PACKAGE_STRING='libraw1394 1.2.0'
PACKAGE_TARNAME='libraw1394'
PACKAGE_VERSION='1.2.0'
PATH_SEPARATOR=':'
RANLIB='ranlib'
SET_MAKE=''
SHELL='/bin/bash'
STRIP='strip'
VERSION='1.2.0'
ac_ct_AR='ar'
ac_ct_CC='gcc'
ac_ct_CXX='g++'
ac_ct_F77=''
ac_ct_RANLIB='ranlib'
ac_ct_STRIP='strip'
am__fastdepCC_FALSE='#'
am__fastdepCC_TRUE=''
am__fastdepCXX_FALSE='#'
am__fastdepCXX_TRUE=''
am__include='include'
am__leading_dot='.'
am__quote=''
am__tar='${AMTAR} chof - "$$tardir"'
am__untar='${AMTAR} xf -'
bindir='${exec_prefix}/bin'
build='i686-pc-linux-gnu'
build_alias=''
build_cpu='i686'
build_os='linux-gnu'
build_vendor='pc'
datadir='${prefix}/share'
exec_prefix='${prefix}'
host='i686-pc-linux-gnu'
host_alias=''
host_cpu='i686'
host_os='linux-gnu'
host_vendor='pc'
includedir='${prefix}/include'
infodir='${prefix}/info'
install_sh='/home/chris/Desktop/igvcsvn2/Guppy/Guppy drivers/libraw1394-1.2.0/install-sh'
libdir='${exec_prefix}/lib'
libexecdir='${exec_prefix}/libexec'
localstatedir='${prefix}/var'
lt_age='1'
lt_major='9'
lt_revision='0'
mandir='${prefix}/man'
mkdir_p='mkdir -p --'
oldincludedir='/usr/include'
prefix='/usr/local'
program_transform_name='s,x,x,'
sbindir='${exec_prefix}/sbin'
sharedstatedir='${prefix}/com'
sysconfdir='${prefix}/etc'
target_alias=''

## ----------- ##
## confdefs.h. ##
## ----------- ##

#define HAVE_DLFCN_H 1
#define HAVE_INTTYPES_H 1
#define HAVE_MEMORY_H 1
#define HAVE_STDINT_H 1
#define HAVE_STDLIB_H 1
#define HAVE_STRINGS_H 1
#define HAVE_STRING_H 1
#define HAVE_SYS_STAT_H 1
#define HAVE_SYS_TYPES_H 1
#define HAVE_UNISTD_H 1
#define PACKAGE "libraw1394"
#define PACKAGE_BUGREPORT ""
#define PACKAGE_NAME "libraw1394"
#define PACKAGE_STRING "libraw1394 1.2.0"
#define PACKAGE_TARNAME "libraw1394"
#define PACKAGE_VERSION "1.2.0"
#define SIZEOF_VOID_P 4
#define STDC_HEADERS 1
#define VERSION "1.2.0"
#endif
#ifdef __cplusplus
extern "C" void std::exit (int) throw (); using std::exit;

configure: exit 0
