Determining if the pthread_create exist failed with the following output:
Change Dir: /home/robojackets/Desktop/igvc/src/igvc-software/rviz_plugins/test_plugin/build/CMakeFiles/CMakeTmp

Run Build Command:/usr/bin/make "cmTryCompileExec4232770398/fast"
make[1]: Entering directory `/home/robojackets/Desktop/igvc/src/igvc-software/rviz_plugins/test_plugin/build/CMakeFiles/CMakeTmp'
/usr/bin/make -f CMakeFiles/cmTryCompileExec4232770398.dir/build.make CMakeFiles/cmTryCompileExec4232770398.dir/build
make[2]: Entering directory `/home/robojackets/Desktop/igvc/src/igvc-software/rviz_plugins/test_plugin/build/CMakeFiles/CMakeTmp'
/usr/bin/cmake -E cmake_progress_report /home/robojackets/Desktop/igvc/src/igvc-software/rviz_plugins/test_plugin/build/CMakeFiles/CMakeTmp/CMakeFiles 1
Building C object CMakeFiles/cmTryCompileExec4232770398.dir/CheckSymbolExists.c.o
/usr/bin/cc    -o CMakeFiles/cmTryCompileExec4232770398.dir/CheckSymbolExists.c.o   -c /home/robojackets/Desktop/igvc/src/igvc-software/rviz_plugins/test_plugin/build/CMakeFiles/CMakeTmp/CheckSymbolExists.c
Linking C executable cmTryCompileExec4232770398
/usr/bin/cmake -E cmake_link_script CMakeFiles/cmTryCompileExec4232770398.dir/link.txt --verbose=1
/usr/bin/cc       CMakeFiles/cmTryCompileExec4232770398.dir/CheckSymbolExists.c.o  -o cmTryCompileExec4232770398 -rdynamic 
CMakeFiles/cmTryCompileExec4232770398.dir/CheckSymbolExists.c.o: In function `main':
CheckSymbolExists.c:(.text+0x16): undefined reference to `pthread_create'
collect2: error: ld returned 1 exit status
make[2]: Leaving directory `/home/robojackets/Desktop/igvc/src/igvc-software/rviz_plugins/test_plugin/build/CMakeFiles/CMakeTmp'
make[2]: *** [cmTryCompileExec4232770398] Error 1
make[1]: Leaving directory `/home/robojackets/Desktop/igvc/src/igvc-software/rviz_plugins/test_plugin/build/CMakeFiles/CMakeTmp'
make[1]: *** [cmTryCompileExec4232770398/fast] Error 2

File /home/robojackets/Desktop/igvc/src/igvc-software/rviz_plugins/test_plugin/build/CMakeFiles/CMakeTmp/CheckSymbolExists.c:
/* */
#include <pthread.h>

int main(int argc, char** argv)
{
  (void)argv;
#ifndef pthread_create
  return ((int*)(&pthread_create))[argc];
#else
  (void)argc;
  return 0;
#endif
}

Determining if the function pthread_create exists in the pthreads failed with the following output:
Change Dir: /home/robojackets/Desktop/igvc/src/igvc-software/rviz_plugins/test_plugin/build/CMakeFiles/CMakeTmp

Run Build Command:/usr/bin/make "cmTryCompileExec2600329306/fast"
make[1]: Entering directory `/home/robojackets/Desktop/igvc/src/igvc-software/rviz_plugins/test_plugin/build/CMakeFiles/CMakeTmp'
/usr/bin/make -f CMakeFiles/cmTryCompileExec2600329306.dir/build.make CMakeFiles/cmTryCompileExec2600329306.dir/build
make[2]: Entering directory `/home/robojackets/Desktop/igvc/src/igvc-software/rviz_plugins/test_plugin/build/CMakeFiles/CMakeTmp'
/usr/bin/cmake -E cmake_progress_report /home/robojackets/Desktop/igvc/src/igvc-software/rviz_plugins/test_plugin/build/CMakeFiles/CMakeTmp/CMakeFiles 1
Building C object CMakeFiles/cmTryCompileExec2600329306.dir/CheckFunctionExists.c.o
/usr/bin/cc   -DCHECK_FUNCTION_EXISTS=pthread_create   -o CMakeFiles/cmTryCompileExec2600329306.dir/CheckFunctionExists.c.o   -c /usr/share/cmake-2.8/Modules/CheckFunctionExists.c
Linking C executable cmTryCompileExec2600329306
/usr/bin/cmake -E cmake_link_script CMakeFiles/cmTryCompileExec2600329306.dir/link.txt --verbose=1
/usr/bin/cc   -DCHECK_FUNCTION_EXISTS=pthread_create    CMakeFiles/cmTryCompileExec2600329306.dir/CheckFunctionExists.c.o  -o cmTryCompileExec2600329306 -rdynamic -lpthreads 
/usr/bin/ld: cannot find -lpthreads
make[2]: Leaving directory `/home/robojackets/Desktop/igvc/src/igvc-software/rviz_plugins/test_plugin/build/CMakeFiles/CMakeTmp'
make[1]: Leaving directory `/home/robojackets/Desktop/igvc/src/igvc-software/rviz_plugins/test_plugin/build/CMakeFiles/CMakeTmp'
collect2: error: ld returned 1 exit status
make[2]: *** [cmTryCompileExec2600329306] Error 1
make[1]: *** [cmTryCompileExec2600329306/fast] Error 2


Determining if the Q_WS_WIN exist failed with the following output:
Change Dir: /home/robojackets/Desktop/igvc/src/igvc-software/rviz_plugins/test_plugin/build/CMakeFiles/CMakeTmp

Run Build Command:/usr/bin/make "cmTryCompileExec695809989/fast"
make[1]: Entering directory `/home/robojackets/Desktop/igvc/src/igvc-software/rviz_plugins/test_plugin/build/CMakeFiles/CMakeTmp'
/usr/bin/make -f CMakeFiles/cmTryCompileExec695809989.dir/build.make CMakeFiles/cmTryCompileExec695809989.dir/build
make[2]: Entering directory `/home/robojackets/Desktop/igvc/src/igvc-software/rviz_plugins/test_plugin/build/CMakeFiles/CMakeTmp'
/usr/bin/cmake -E cmake_progress_report /home/robojackets/Desktop/igvc/src/igvc-software/rviz_plugins/test_plugin/build/CMakeFiles/CMakeTmp/CMakeFiles 1
Building CXX object CMakeFiles/cmTryCompileExec695809989.dir/CheckSymbolExists.cxx.o
/usr/bin/c++    -I/usr/include/qt4    -o CMakeFiles/cmTryCompileExec695809989.dir/CheckSymbolExists.cxx.o -c /home/robojackets/Desktop/igvc/src/igvc-software/rviz_plugins/test_plugin/build/CMakeFiles/CMakeTmp/CheckSymbolExists.cxx
/home/robojackets/Desktop/igvc/src/igvc-software/rviz_plugins/test_plugin/build/CMakeFiles/CMakeTmp/CheckSymbolExists.cxx: In function ‘int main(int, char**)’:
/home/robojackets/Desktop/igvc/src/igvc-software/rviz_plugins/test_plugin/build/CMakeFiles/CMakeTmp/CheckSymbolExists.cxx:8:19: error: ‘Q_WS_WIN’ was not declared in this scope
   return ((int*)(&Q_WS_WIN))[argc];
                   ^
make[2]: Leaving directory `/home/robojackets/Desktop/igvc/src/igvc-software/rviz_plugins/test_plugin/build/CMakeFiles/CMakeTmp'
make[2]: *** [CMakeFiles/cmTryCompileExec695809989.dir/CheckSymbolExists.cxx.o] Error 1
make[1]: Leaving directory `/home/robojackets/Desktop/igvc/src/igvc-software/rviz_plugins/test_plugin/build/CMakeFiles/CMakeTmp'
make[1]: *** [cmTryCompileExec695809989/fast] Error 2

File /home/robojackets/Desktop/igvc/src/igvc-software/rviz_plugins/test_plugin/build/CMakeFiles/CMakeTmp/CheckSymbolExists.cxx:
/* */
#include <QtCore/qglobal.h>

int main(int argc, char** argv)
{
  (void)argv;
#ifndef Q_WS_WIN
  return ((int*)(&Q_WS_WIN))[argc];
#else
  (void)argc;
  return 0;
#endif
}

Determining if the Q_WS_QWS exist failed with the following output:
Change Dir: /home/robojackets/Desktop/igvc/src/igvc-software/rviz_plugins/test_plugin/build/CMakeFiles/CMakeTmp

Run Build Command:/usr/bin/make "cmTryCompileExec3908150188/fast"
make[1]: Entering directory `/home/robojackets/Desktop/igvc/src/igvc-software/rviz_plugins/test_plugin/build/CMakeFiles/CMakeTmp'
/usr/bin/make -f CMakeFiles/cmTryCompileExec3908150188.dir/build.make CMakeFiles/cmTryCompileExec3908150188.dir/build
make[2]: Entering directory `/home/robojackets/Desktop/igvc/src/igvc-software/rviz_plugins/test_plugin/build/CMakeFiles/CMakeTmp'
/usr/bin/cmake -E cmake_progress_report /home/robojackets/Desktop/igvc/src/igvc-software/rviz_plugins/test_plugin/build/CMakeFiles/CMakeTmp/CMakeFiles 1
Building CXX object CMakeFiles/cmTryCompileExec3908150188.dir/CheckSymbolExists.cxx.o
/usr/bin/c++    -I/usr/include/qt4    -o CMakeFiles/cmTryCompileExec3908150188.dir/CheckSymbolExists.cxx.o -c /home/robojackets/Desktop/igvc/src/igvc-software/rviz_plugins/test_plugin/build/CMakeFiles/CMakeTmp/CheckSymbolExists.cxx
/home/robojackets/Desktop/igvc/src/igvc-software/rviz_plugins/test_plugin/build/CMakeFiles/CMakeTmp/CheckSymbolExists.cxx: In function ‘int main(int, char**)’:
/home/robojackets/Desktop/igvc/src/igvc-software/rviz_plugins/test_plugin/build/CMakeFiles/CMakeTmp/CheckSymbolExists.cxx:8:19: error: ‘Q_WS_QWS’ was not declared in this scope
   return ((int*)(&Q_WS_QWS))[argc];
                   ^
make[2]: Leaving directory `/home/robojackets/Desktop/igvc/src/igvc-software/rviz_plugins/test_plugin/build/CMakeFiles/CMakeTmp'
make[2]: *** [CMakeFiles/cmTryCompileExec3908150188.dir/CheckSymbolExists.cxx.o] Error 1
make[1]: Leaving directory `/home/robojackets/Desktop/igvc/src/igvc-software/rviz_plugins/test_plugin/build/CMakeFiles/CMakeTmp'
make[1]: *** [cmTryCompileExec3908150188/fast] Error 2

File /home/robojackets/Desktop/igvc/src/igvc-software/rviz_plugins/test_plugin/build/CMakeFiles/CMakeTmp/CheckSymbolExists.cxx:
/* */
#include <QtCore/qglobal.h>

int main(int argc, char** argv)
{
  (void)argv;
#ifndef Q_WS_QWS
  return ((int*)(&Q_WS_QWS))[argc];
#else
  (void)argc;
  return 0;
#endif
}

Determining if the Q_WS_MAC exist failed with the following output:
Change Dir: /home/robojackets/Desktop/igvc/src/igvc-software/rviz_plugins/test_plugin/build/CMakeFiles/CMakeTmp

Run Build Command:/usr/bin/make "cmTryCompileExec571297808/fast"
make[1]: Entering directory `/home/robojackets/Desktop/igvc/src/igvc-software/rviz_plugins/test_plugin/build/CMakeFiles/CMakeTmp'
/usr/bin/make -f CMakeFiles/cmTryCompileExec571297808.dir/build.make CMakeFiles/cmTryCompileExec571297808.dir/build
make[2]: Entering directory `/home/robojackets/Desktop/igvc/src/igvc-software/rviz_plugins/test_plugin/build/CMakeFiles/CMakeTmp'
/usr/bin/cmake -E cmake_progress_report /home/robojackets/Desktop/igvc/src/igvc-software/rviz_plugins/test_plugin/build/CMakeFiles/CMakeTmp/CMakeFiles 1
Building CXX object CMakeFiles/cmTryCompileExec571297808.dir/CheckSymbolExists.cxx.o
/usr/bin/c++    -I/usr/include/qt4    -o CMakeFiles/cmTryCompileExec571297808.dir/CheckSymbolExists.cxx.o -c /home/robojackets/Desktop/igvc/src/igvc-software/rviz_plugins/test_plugin/build/CMakeFiles/CMakeTmp/CheckSymbolExists.cxx
/home/robojackets/Desktop/igvc/src/igvc-software/rviz_plugins/test_plugin/build/CMakeFiles/CMakeTmp/CheckSymbolExists.cxx: In function ‘int main(int, char**)’:
/home/robojackets/Desktop/igvc/src/igvc-software/rviz_plugins/test_plugin/build/CMakeFiles/CMakeTmp/CheckSymbolExists.cxx:8:19: error: ‘Q_WS_MAC’ was not declared in this scope
   return ((int*)(&Q_WS_MAC))[argc];
                   ^
make[2]: Leaving directory `/home/robojackets/Desktop/igvc/src/igvc-software/rviz_plugins/test_plugin/build/CMakeFiles/CMakeTmp'
make[2]: *** [CMakeFiles/cmTryCompileExec571297808.dir/CheckSymbolExists.cxx.o] Error 1
make[1]: Leaving directory `/home/robojackets/Desktop/igvc/src/igvc-software/rviz_plugins/test_plugin/build/CMakeFiles/CMakeTmp'
make[1]: *** [cmTryCompileExec571297808/fast] Error 2

File /home/robojackets/Desktop/igvc/src/igvc-software/rviz_plugins/test_plugin/build/CMakeFiles/CMakeTmp/CheckSymbolExists.cxx:
/* */
#include <QtCore/qglobal.h>

int main(int argc, char** argv)
{
  (void)argv;
#ifndef Q_WS_MAC
  return ((int*)(&Q_WS_MAC))[argc];
#else
  (void)argc;
  return 0;
#endif
}

